Traceback (most recent call last):
  File "/home/runner/work/MosekRegression/MosekRegression/.venv/lib/python3.10/site-packages/jupyter_cache/executors/utils.py", line 58, in single_nb_execution
    executenb(
  File "/home/runner/work/MosekRegression/MosekRegression/.venv/lib/python3.10/site-packages/nbclient/client.py", line 1305, in execute
    return NotebookClient(nb=nb, resources=resources, km=km, **kwargs).execute()
  File "/home/runner/work/MosekRegression/MosekRegression/.venv/lib/python3.10/site-packages/jupyter_core/utils/__init__.py", line 166, in wrapped
    return loop.run_until_complete(inner)
  File "/opt/hostedtoolcache/Python/3.10.12/x64/lib/python3.10/asyncio/base_events.py", line 649, in run_until_complete
    return future.result()
  File "/home/runner/work/MosekRegression/MosekRegression/.venv/lib/python3.10/site-packages/nbclient/client.py", line 705, in async_execute
    await self.async_execute_cell(
  File "/home/runner/work/MosekRegression/MosekRegression/.venv/lib/python3.10/site-packages/nbclient/client.py", line 1058, in async_execute_cell
    await self._check_raise_for_error(cell, cell_index, exec_reply)
  File "/home/runner/work/MosekRegression/MosekRegression/.venv/lib/python3.10/site-packages/nbclient/client.py", line 914, in _check_raise_for_error
    raise CellExecutionError.from_cell_and_msg(cell, exec_reply_content)
nbclient.exceptions.CellExecutionError: An error occurred while executing the following cell:
------------------
from datetime import datetime

import yfinance as yf

data = yf.download(tickers = "SPY AAPL GOOG MSFT GS IBM T ^GSPC",  # list of tickers
                   period = "10y",                  # time period
                   interval = "1d",                 # trading interval
                   prepost = False,                 # download pre/post market hours data?
                   repair = True)                   # repair obvious price errors e.g. 100x?

prices = data["Adj Close"]
prices.to_csv("data/data.csv")
------------------


[0;31m---------------------------------------------------------------------------[0m
[0;31mModuleNotFoundError[0m                       Traceback (most recent call last)
Cell [0;32mIn[1], line 3[0m
[1;32m      1[0m [38;5;28;01mfrom[39;00m [38;5;21;01mdatetime[39;00m [38;5;28;01mimport[39;00m datetime
[0;32m----> 3[0m [38;5;28;01mimport[39;00m [38;5;21;01myfinance[39;00m [38;5;28;01mas[39;00m [38;5;21;01myf[39;00m
[1;32m      5[0m data [38;5;241m=[39m yf[38;5;241m.[39mdownload(tickers [38;5;241m=[39m [38;5;124m"[39m[38;5;124mSPY AAPL GOOG MSFT GS IBM T ^GSPC[39m[38;5;124m"[39m,  [38;5;66;03m# list of tickers[39;00m
[1;32m      6[0m                    period [38;5;241m=[39m [38;5;124m"[39m[38;5;124m10y[39m[38;5;124m"[39m,                  [38;5;66;03m# time period[39;00m
[1;32m      7[0m                    interval [38;5;241m=[39m [38;5;124m"[39m[38;5;124m1d[39m[38;5;124m"[39m,                 [38;5;66;03m# trading interval[39;00m
[1;32m      8[0m                    prepost [38;5;241m=[39m [38;5;28;01mFalse[39;00m,                 [38;5;66;03m# download pre/post market hours data?[39;00m
[1;32m      9[0m                    repair [38;5;241m=[39m [38;5;28;01mTrue[39;00m)                   [38;5;66;03m# repair obvious price errors e.g. 100x?[39;00m
[1;32m     11[0m prices [38;5;241m=[39m data[[38;5;124m"[39m[38;5;124mAdj Close[39m[38;5;124m"[39m]

[0;31mModuleNotFoundError[0m: No module named 'yfinance'

