Traceback (most recent call last):
  File "/home/runner/work/MosekRegression/MosekRegression/.venv/lib/python3.10/site-packages/jupyter_cache/executors/utils.py", line 58, in single_nb_execution
    executenb(
  File "/home/runner/work/MosekRegression/MosekRegression/.venv/lib/python3.10/site-packages/nbclient/client.py", line 1305, in execute
    return NotebookClient(nb=nb, resources=resources, km=km, **kwargs).execute()
  File "/home/runner/work/MosekRegression/MosekRegression/.venv/lib/python3.10/site-packages/jupyter_core/utils/__init__.py", line 166, in wrapped
    return loop.run_until_complete(inner)
  File "/opt/hostedtoolcache/Python/3.10.11/x64/lib/python3.10/asyncio/base_events.py", line 649, in run_until_complete
    return future.result()
  File "/home/runner/work/MosekRegression/MosekRegression/.venv/lib/python3.10/site-packages/nbclient/client.py", line 705, in async_execute
    await self.async_execute_cell(
  File "/home/runner/work/MosekRegression/MosekRegression/.venv/lib/python3.10/site-packages/nbclient/client.py", line 1058, in async_execute_cell
    await self._check_raise_for_error(cell, cell_index, exec_reply)
  File "/home/runner/work/MosekRegression/MosekRegression/.venv/lib/python3.10/site-packages/nbclient/client.py", line 914, in _check_raise_for_error
    raise CellExecutionError.from_cell_and_msg(cell, exec_reply_content)
nbclient.exceptions.CellExecutionError: An error occurred while executing the following cell:
------------------
    # load data from csv files
    data = pd.read_csv("data/data.csv", index_col=0, parse_dates=True)

    stock = data["GS"]
    r = stock.pct_change()

    X = pd.DataFrame({a: r.ewm(com=a, min_periods=30).mean() for a in [2, 3, 5, 8, 13, 21, 34, 55, 89]})

    # shift returns as we are trying to predict the next day return...
    y = r.shift(-1)

    X = X.truncate(before="01-02-2010").fillna(0.0)
    y = y.truncate(before="01-02-2010").fillna(0.0)

    X = X.apply(normalize)
    y = normalize(y)
    w = lasso(X, y, 0.005)

    print(w)
    print(np.corrcoef((X*w).sum(axis=1), y))
------------------


[0;31m---------------------------------------------------------------------------[0m
[0;31mError[0m                                     Traceback (most recent call last)
[0;32m~/work/MosekRegression/MosekRegression/.venv/lib/python3.10/site-packages/mosek/fusion/impl/_implementation.py[0m in [0;36m?[0;34m(self, remote, server, port)[0m
[1;32m   3989[0m           [0mself[0m[0;34m.[0m[0m_sol_itr[0m [0;34m=[0m [0;32mNone[0m[0;34m[0m[0;34m[0m[0m
[1;32m   3990[0m           [0mself[0m[0;34m.[0m[0m_sol_bas[0m [0;34m=[0m [0;32mNone[0m[0;34m[0m[0;34m[0m[0m
[0;32m-> 3991[0;31m           [0mself[0m[0;34m.[0m[0m_sol_itg[0m [0;34m=[0m [0;32mNone[0m[0;34m[0m[0;34m[0m[0m
[0m
[0;32m~/work/MosekRegression/MosekRegression/.venv/lib/python3.10/site-packages/mosek/__init__.py[0m in [0;36m?[0;34m(self, *args, **kwds)[0m
[1;32m  10775[0m         [0;34m[[0m[0mtrmcode[0m [0;34m:[0m [0mmosek[0m[0;34m.[0m[0mrescode[0m[0;34m][0m  [0mIs[0m [0meither[0m [0mOK[0m [0;32mor[0m [0ma[0m [0mtermination[0m [0mresponse[0m [0mcode[0m[0;34m.[0m[0;34m[0m[0;34m[0m[0m
[1;32m  10776[0m       """
[0;32m> 10777[0;31m       [0;32mreturn[0m [0mself[0m[0;34m.[0m[0m__optimizetrm__1[0m[0;34m([0m[0;34m*[0m[0margs[0m[0;34m,[0m[0;34m**[0m[0mkwds[0m[0;34m)[0m[0;34m[0m[0;34m[0m[0m
[0m
[0;32m~/work/MosekRegression/MosekRegression/.venv/lib/python3.10/site-packages/mosek/__init__.py[0m in [0;36m?[0;34m(self)[0m
[1;32m  10764[0m       [0;32mif[0m [0m_res_optimizetrm[0m [0;34m!=[0m [0;36m0[0m[0;34m:[0m[0;34m[0m[0;34m[0m[0m
[1;32m  10765[0m         [0m_[0m[0;34m,[0m[0m_msg_optimizetrm[0m [0;34m=[0m [0mself[0m[0;34m.[0m[0m__getlasterror[0m[0;34m([0m[0m_res_optimizetrm[0m[0;34m)[0m[0;34m[0m[0;34m[0m[0m
[0;32m> 10766[0;31m         [0;32mraise[0m [0mError[0m[0;34m([0m[0mrescode[0m[0;34m([0m[0m_res_optimizetrm[0m[0;34m)[0m[0;34m,[0m[0m_msg_optimizetrm[0m[0;34m)[0m[0;34m[0m[0;34m[0m[0m
[0m[1;32m  10767[0m       [0;32melse[0m[0;34m:[0m[0;34m[0m[0;34m[0m[0m

[0;31mError[0m: rescode.err_missing_license_file(1008): License cannot be located. The default search path is ':/home/runner/mosek/mosek.lic:'.

During handling of the above exception, another exception occurred:

[0;31mOptimizeError[0m                             Traceback (most recent call last)
[0;32m/tmp/ipykernel_1997/132234062.py[0m in [0;36m?[0;34m()[0m
[1;32m     13[0m [0my[0m [0;34m=[0m [0my[0m[0;34m.[0m[0mtruncate[0m[0;34m([0m[0mbefore[0m[0;34m=[0m[0;34m"01-02-2010"[0m[0;34m)[0m[0;34m.[0m[0mfillna[0m[0;34m([0m[0;36m0.0[0m[0;34m)[0m[0;34m[0m[0;34m[0m[0m
[1;32m     14[0m [0;34m[0m[0m
[1;32m     15[0m [0mX[0m [0;34m=[0m [0mX[0m[0;34m.[0m[0mapply[0m[0;34m([0m[0mnormalize[0m[0;34m)[0m[0;34m[0m[0;34m[0m[0m
[1;32m     16[0m [0my[0m [0;34m=[0m [0mnormalize[0m[0;34m([0m[0my[0m[0;34m)[0m[0;34m[0m[0;34m[0m[0m
[0;32m---> 17[0;31m [0mw[0m [0;34m=[0m [0mlasso[0m[0;34m([0m[0mX[0m[0;34m,[0m [0my[0m[0;34m,[0m [0;36m0.005[0m[0;34m)[0m[0;34m[0m[0;34m[0m[0m
[0m[1;32m     18[0m [0;34m[0m[0m
[1;32m     19[0m [0mprint[0m[0;34m([0m[0mw[0m[0;34m)[0m[0;34m[0m[0;34m[0m[0m
[1;32m     20[0m [0mprint[0m[0;34m([0m[0mnp[0m[0;34m.[0m[0mcorrcoef[0m[0;34m([0m[0;34m([0m[0mX[0m[0;34m*[0m[0mw[0m[0;34m)[0m[0;34m.[0m[0msum[0m[0;34m([0m[0maxis[0m[0;34m=[0m[0;36m1[0m[0;34m)[0m[0;34m,[0m [0my[0m[0;34m)[0m[0;34m)[0m[0;34m[0m[0;34m[0m[0m

[0;32m/tmp/ipykernel_1997/3821135284.py[0m in [0;36m?[0;34m(X, y, lamb)[0m
[1;32m     10[0m [0;32mdef[0m [0mlasso[0m[0;34m([0m[0mX[0m[0;34m,[0m [0my[0m[0;34m,[0m [0mlamb[0m[0;34m)[0m[0;34m:[0m[0;34m[0m[0;34m[0m[0m
[0;32m---> 11[0;31m     [0;32mreturn[0m [0mpd[0m[0;34m.[0m[0mSeries[0m[0;34m([0m[0mindex[0m[0;34m=[0m[0mX[0m[0;34m.[0m[0mcolumns[0m[0;34m,[0m [0mdata[0m[0;34m=[0m[0mll[0m[0;34m([0m[0mX[0m[0;34m.[0m[0mvalues[0m[0;34m,[0m [0my[0m[0;34m.[0m[0mvalues[0m[0;34m,[0m [0mlamb[0m[0;34m)[0m[0;34m)[0m[0;34m[0m[0;34m[0m[0m
[0m
[0;32m~/work/MosekRegression/MosekRegression/mosek_tools/solver.py[0m in [0;36m?[0;34m(matrix, rhs, lamb)[0m
[1;32m    199[0m         model.objective(
[1;32m    200[0m             [0mObjectiveSense[0m[0;34m.[0m[0mMinimize[0m[0;34m,[0m [0m__sum_weighted[0m[0;34m([0m[0mc1[0m[0;34m=[0m[0;36m1.0[0m[0;34m,[0m [0mexpr1[0m[0;34m=[0m[0mv[0m[0;34m,[0m [0mc2[0m[0;34m=[0m[0mlamb[0m[0;34m,[0m [0mexpr2[0m[0;34m=[0m[0mt[0m[0;34m)[0m[0;34m[0m[0;34m[0m[0m
[1;32m    201[0m         )
[1;32m    202[0m         [0;31m# solve the problem[0m[0;34m[0m[0;34m[0m[0m
[0;32m--> 203[0;31m         [0mmodel[0m[0;34m.[0m[0msolve[0m[0;34m([0m[0;34m)[0m[0;34m[0m[0;34m[0m[0m
[0m[1;32m    204[0m [0;34m[0m[0m
[1;32m    205[0m         [0;32mreturn[0m [0mnp[0m[0;34m.[0m[0marray[0m[0;34m([0m[0mweights[0m[0;34m.[0m[0mlevel[0m[0;34m([0m[0;34m)[0m[0;34m)[0m[0;34m[0m[0;34m[0m[0m

[0;32m~/work/MosekRegression/MosekRegression/.venv/lib/python3.10/site-packages/mosek/fusion/impl/_implementation.py[0m in [0;36m?[0;34m(self, *args)[0m
[1;32m   4361[0m   [0;32mdef[0m [0msolve[0m[0;34m([0m[0mself[0m[0;34m,[0m[0;34m*[0m[0margs[0m[0;34m)[0m[0;34m:[0m[0;34m[0m[0;34m[0m[0m
[1;32m   4362[0m     [0;32mif[0m [0;32mFalse[0m[0;34m:[0m [0;32mpass[0m[0;34m[0m[0;34m[0m[0m
[1;32m   4363[0m     [0;32melif[0m [0mmosek_fusion_Model[0m[0;34m.[0m[0m_match_solve_[0m[0;34m([0m[0;34m*[0m[0margs[0m[0;34m)[0m[0;34m:[0m [0;31m#[0m[0;34m[0m[0;34m[0m[0m
[0;32m-> 4364[0;31m       [0;32mreturn[0m [0mself[0m[0;34m.[0m[0m_solve_[0m[0;34m([0m[0;34m*[0m[0margs[0m[0;34m)[0m[0;34m[0m[0;34m[0m[0m
[0m[1;32m   4365[0m     [0;32melif[0m [0mmosek_fusion_Model[0m[0;34m.[0m[0m_match_alt_solve_[0m[0;34m([0m[0;34m*[0m[0margs[0m[0;34m)[0m[0;34m:[0m [0;31m#[0m[0;34m[0m[0;34m[0m[0m
[1;32m   4366[0m       [0;32mreturn[0m [0mself[0m[0;34m.[0m[0m_solve_alt_[0m[0;34m([0m[0;34m*[0m[0margs[0m[0;34m)[0m[0;34m[0m[0;34m[0m[0m
[1;32m   4367[0m     [0;32melif[0m [0mmosek_fusion_Model[0m[0;34m.[0m[0m_match_solve_SS[0m[0;34m([0m[0;34m*[0m[0margs[0m[0;34m)[0m[0;34m:[0m [0;31m# string,string[0m[0;34m[0m[0;34m[0m[0m

[0;32m~/work/MosekRegression/MosekRegression/.venv/lib/python3.10/site-packages/mosek/fusion/impl/_implementation.py[0m in [0;36m?[0;34m(self)[0m
[1;32m   6165[0m   [0;32mdef[0m [0m_solve_[0m[0;34m([0m[0mself[0m[0;34m,[0m[0;34m)[0m[0;34m:[0m[0;34m[0m[0;34m[0m[0m
[1;32m   6166[0m    [0mself[0m[0;34m.[0m[0m_flushSolutions_[0m[0;34m([0m[0;34m)[0m[0;34m[0m[0;34m[0m[0m
[1;32m   6167[0m    [0mself[0m[0;34m.[0m[0m__flush_1parameters_[0m[0;34m([0m[0;34m)[0m[0;34m[0m[0;34m[0m[0m
[0;32m-> 6168[0;31m    [0mself[0m[0;34m.[0m[0m_task_1solve_ZSS[0m[0;34m([0m[0;32mFalse[0m[0;34m,[0m[0;34m""[0m[0;34m,[0m[0;34m""[0m[0;34m)[0m[0;34m[0m[0;34m[0m[0m
[0m[1;32m   6169[0m    [0mself[0m[0;34m.[0m[0m_task_1post_1solve_[0m[0;34m([0m[0;34m)[0m[0;34m[0m[0;34m[0m[0m

[0;32m~/work/MosekRegression/MosekRegression/.venv/lib/python3.10/site-packages/mosek/fusion/impl/_implementation.py[0m in [0;36m?[0;34m(self, remote, server, port)[0m
[1;32m   3987[0m       [0;32mfinally[0m[0;34m:[0m[0;34m[0m[0;34m[0m[0m
[1;32m   3988[0m         [0;32mif[0m [0;32mnot[0m [0mok[0m[0;34m:[0m [0;31m# means exception, post-solve won't be called[0m[0;34m[0m[0;34m[0m[0m
[1;32m   3989[0m           [0mself[0m[0;34m.[0m[0m_sol_itr[0m [0;34m=[0m [0;32mNone[0m[0;34m[0m[0;34m[0m[0m
[1;32m   3990[0m           [0mself[0m[0;34m.[0m[0m_sol_bas[0m [0;34m=[0m [0;32mNone[0m[0;34m[0m[0;34m[0m[0m
[0;32m-> 3991[0;31m           [0mself[0m[0;34m.[0m[0m_sol_itg[0m [0;34m=[0m [0;32mNone[0m[0;34m[0m[0;34m[0m[0m
[0m
[0;31mOptimizeError[0m: rescode.err_missing_license_file(1008): License cannot be located. The default search path is ':/home/runner/mosek/mosek.lic:'.

